# JRE version: Java(TM) SE Runtime Environment (8.0_131-b11) (build 1.8.0_131-b11)
# Java VM: Java HotSpot(TM) 64-Bit Server VM (25.131-b11 mixed mode windows-amd64 compressed oops)
Heap:
 PSYoungGen      total 379392K, used 62029K [0x00000000d5f00000, 0x00000000f2380000, 0x0000000100000000)
  eden space 364544K, 12% used [0x00000000d5f00000,0x00000000d8d156c0,0x00000000ec300000)
  from space 14848K, 99% used [0x00000000ec300000,0x00000000ed17e060,0x00000000ed180000)
  to   space 19456K, 0% used [0x00000000f1080000,0x00000000f1080000,0x00000000f2380000)
 ParOldGen       total 86016K, used 22158K [0x0000000081c00000, 0x0000000087000000, 0x00000000d5f00000)
  object space 86016K, 25% used [0x0000000081c00000,0x00000000831a3870,0x0000000087000000)
 Metaspace       used 50105K, capacity 52376K, committed 52648K, reserved 1095680K
  class space    used 6575K, capacity 6996K, committed 7080K, reserved 1048576K
GC Heap History (10 events):
Event: 13.089 GC heap before
{Heap before GC invocations=7 (full 1):
 PSYoungGen      total 138240K, used 138228K [0x00000000d5f00000, 0x00000000e5300000, 0x0000000100000000)
  eden space 133120K, 100% used [0x00000000d5f00000,0x00000000de100000,0x00000000de100000)
  from space 5120K, 99% used [0x00000000de100000,0x00000000de5fd040,0x00000000de600000)
  to   space 13312K, 0% used [0x00000000e4600000,0x00000000e4600000,0x00000000e5300000)
 ParOldGen       total 54272K, used 14141K [0x0000000081c00000, 0x0000000085100000, 0x00000000d5f00000)
  object space 54272K, 26% used [0x0000000081c00000,0x00000000829cf5e0,0x0000000085100000)
 Metaspace       used 32626K, capacity 33824K, committed 33968K, reserved 1079296K
  class space    used 4230K, capacity 4482K, committed 4528K, reserved 1048576K
Event: 13.132 GC heap after
Heap after GC invocations=7 (full 1):
 PSYoungGen      total 234496K, used 13100K [0x00000000d5f00000, 0x00000000e5500000, 0x0000000100000000)
  eden space 221184K, 0% used [0x00000000d5f00000,0x00000000d5f00000,0x00000000e3700000)
  from space 13312K, 98% used [0x00000000e4600000,0x00000000e52cb078,0x00000000e5300000)
  to   space 15360K, 0% used [0x00000000e3700000,0x00000000e3700000,0x00000000e4600000)
 ParOldGen       total 54272K, used 14149K [0x0000000081c00000, 0x0000000085100000, 0x00000000d5f00000)
  object space 54272K, 26% used [0x0000000081c00000,0x00000000829d15e0,0x0000000085100000)
 Metaspace       used 32626K, capacity 33824K, committed 33968K, reserved 1079296K
  class space    used 4230K, capacity 4482K, committed 4528K, reserved 1048576K
}
Event: 14.448 GC heap before
{Heap before GC invocations=8 (full 1):
 PSYoungGen      total 234496K, used 50078K [0x00000000d5f00000, 0x00000000e5500000, 0x0000000100000000)
  eden space 221184K, 16% used [0x00000000d5f00000,0x00000000d831c928,0x00000000e3700000)
  from space 13312K, 98% used [0x00000000e4600000,0x00000000e52cb078,0x00000000e5300000)
  to   space 15360K, 0% used [0x00000000e3700000,0x00000000e3700000,0x00000000e4600000)
 ParOldGen       total 54272K, used 14149K [0x0000000081c00000, 0x0000000085100000, 0x00000000d5f00000)
  object space 54272K, 26% used [0x0000000081c00000,0x00000000829d15e0,0x0000000085100000)
 Metaspace       used 34147K, capacity 35382K, committed 35496K, reserved 1079296K
  class space    used 4411K, capacity 4677K, committed 4776K, reserved 1048576K
Event: 14.473 GC heap after
Heap after GC invocations=8 (full 1):
 PSYoungGen      total 236544K, used 10009K [0x00000000d5f00000, 0x00000000ee400000, 0x0000000100000000)
  eden space 221184K, 0% used [0x00000000d5f00000,0x00000000d5f00000,0x00000000e3700000)
  from space 15360K, 65% used [0x00000000e3700000,0x00000000e40c67b8,0x00000000e4600000)
  to   space 14848K, 0% used [0x00000000ed580000,0x00000000ed580000,0x00000000ee400000)
 ParOldGen       total 54272K, used 14221K [0x0000000081c00000, 0x0000000085100000, 0x00000000d5f00000)
  object space 54272K, 26% used [0x0000000081c00000,0x00000000829e35f0,0x0000000085100000)
 Metaspace       used 34147K, capacity 35382K, committed 35496K, reserved 1079296K
  class space    used 4411K, capacity 4677K, committed 4776K, reserved 1048576K
}
Event: 14.473 GC heap before
{Heap before GC invocations=9 (full 2):
 PSYoungGen      total 236544K, used 10009K [0x00000000d5f00000, 0x00000000ee400000, 0x0000000100000000)
  eden space 221184K, 0% used [0x00000000d5f00000,0x00000000d5f00000,0x00000000e3700000)
  from space 15360K, 65% used [0x00000000e3700000,0x00000000e40c67b8,0x00000000e4600000)
  to   space 14848K, 0% used [0x00000000ed580000,0x00000000ed580000,0x00000000ee400000)
 ParOldGen       total 54272K, used 14221K [0x0000000081c00000, 0x0000000085100000, 0x00000000d5f00000)
  object space 54272K, 26% used [0x0000000081c00000,0x00000000829e35f0,0x0000000085100000)
 Metaspace       used 34147K, capacity 35382K, committed 35496K, reserved 1079296K
  class space    used 4411K, capacity 4677K, committed 4776K, reserved 1048576K
Event: 14.667 GC heap after
Heap after GC invocations=9 (full 2):
 PSYoungGen      total 236544K, used 0K [0x00000000d5f00000, 0x00000000ee400000, 0x0000000100000000)
  eden space 221184K, 0% used [0x00000000d5f00000,0x00000000d5f00000,0x00000000e3700000)
  from space 15360K, 0% used [0x00000000e3700000,0x00000000e3700000,0x00000000e4600000)
  to   space 14848K, 0% used [0x00000000ed580000,0x00000000ed580000,0x00000000ee400000)
 ParOldGen       total 86016K, used 15293K [0x0000000081c00000, 0x0000000087000000, 0x00000000d5f00000)
  object space 86016K, 17% used [0x0000000081c00000,0x0000000082aef610,0x0000000087000000)
 Metaspace       used 34147K, capacity 35382K, committed 35496K, reserved 1079296K
  class space    used 4411K, capacity 4677K, committed 4776K, reserved 1048576K
}
Event: 21.559 GC heap before
{Heap before GC invocations=10 (full 2):
 PSYoungGen      total 236544K, used 221184K [0x00000000d5f00000, 0x00000000ee400000, 0x0000000100000000)
  eden space 221184K, 100% used [0x00000000d5f00000,0x00000000e3700000,0x00000000e3700000)
  from space 15360K, 0% used [0x00000000e3700000,0x00000000e3700000,0x00000000e4600000)
  to   space 14848K, 0% used [0x00000000ed580000,0x00000000ed580000,0x00000000ee400000)
 ParOldGen       total 86016K, used 15293K [0x0000000081c00000, 0x0000000087000000, 0x00000000d5f00000)
  object space 86016K, 17% used [0x0000000081c00000,0x0000000082aef610,0x0000000087000000)
 Metaspace       used 41231K, capacity 42720K, committed 43048K, reserved 1087488K
  class space    used 5283K, capacity 5574K, committed 5672K, reserved 1048576K
Event: 21.589 GC heap after
Heap after GC invocations=10 (full 2):
 PSYoungGen      total 339968K, used 10538K [0x00000000d5f00000, 0x00000000ee000000, 0x0000000100000000)
  eden space 329216K, 0% used [0x00000000d5f00000,0x00000000d5f00000,0x00000000ea080000)
  from space 10752K, 98% used [0x00000000ed580000,0x00000000edfca860,0x00000000ee000000)
  to   space 14848K, 0% used [0x00000000ec300000,0x00000000ec300000,0x00000000ed180000)
 ParOldGen       total 86016K, used 15301K [0x0000000081c00000, 0x0000000087000000, 0x00000000d5f00000)
  object space 86016K, 17% used [0x0000000081c00000,0x0000000082af1610,0x0000000087000000)
 Metaspace       used 41231K, capacity 42720K, committed 43048K, reserved 1087488K
  class space    used 5283K, capacity 5574K, committed 5672K, reserved 1048576K
}
Event: 32.107 GC heap before
{Heap before GC invocations=11 (full 2):
 PSYoungGen      total 339968K, used 339754K [0x00000000d5f00000, 0x00000000ee000000, 0x0000000100000000)
  eden space 329216K, 100% used [0x00000000d5f00000,0x00000000ea080000,0x00000000ea080000)
  from space 10752K, 98% used [0x00000000ed580000,0x00000000edfca860,0x00000000ee000000)
  to   space 14848K, 0% used [0x00000000ec300000,0x00000000ec300000,0x00000000ed180000)
 ParOldGen       total 86016K, used 15301K [0x0000000081c00000, 0x0000000087000000, 0x00000000d5f00000)
  object space 86016K, 17% used [0x0000000081c00000,0x0000000082af1610,0x0000000087000000)
 Metaspace       used 49732K, capacity 51954K, committed 52008K, reserved 1093632K
  class space    used 6533K, capacity 6941K, committed 6952K, reserved 1048576K
Event: 32.240 GC heap after
Heap after GC invocations=11 (full 2):
 PSYoungGen      total 379392K, used 14840K [0x00000000d5f00000, 0x00000000f2380000, 0x0000000100000000)
  eden space 364544K, 0% used [0x00000000d5f00000,0x00000000d5f00000,0x00000000ec300000)
  from space 14848K, 99% used [0x00000000ec300000,0x00000000ed17e060,0x00000000ed180000)
  to   space 19456K, 0% used [0x00000000f1080000,0x00000000f1080000,0x00000000f2380000)
 ParOldGen       total 86016K, used 22158K [0x0000000081c00000, 0x0000000087000000, 0x00000000d5f00000)
  object space 86016K, 25% used [0x0000000081c00000,0x00000000831a3870,0x0000000087000000)
 Metaspace       used 49732K, capacity 51954K, committed 52008K, reserved 1093632K
  class space    used 6533K, capacity 6941K, committed 6952K, reserved 1048576K
}

