# JRE version: Java(TM) SE Runtime Environment (8.0_131-b11) (build 1.8.0_131-b11)
# Java VM: Java HotSpot(TM) 64-Bit Server VM (25.131-b11 mixed mode windows-amd64 compressed oops)
Heap:
 PSYoungGen      total 205824K, used 27960K [0x00000000d5f00000, 0x00000000e5380000, 0x0000000100000000)
  eden space 187392K, 14% used [0x00000000d5f00000,0x00000000d7a4e1b0,0x00000000e1600000)
  from space 18432K, 0% used [0x00000000e1600000,0x00000000e1600000,0x00000000e2800000)
  to   space 18944K, 0% used [0x00000000e4100000,0x00000000e4100000,0x00000000e5380000)
 ParOldGen       total 151040K, used 38874K [0x0000000081c00000, 0x000000008af80000, 0x00000000d5f00000)
  object space 151040K, 25% used [0x0000000081c00000,0x00000000841f6a10,0x000000008af80000)
 Metaspace       used 58087K, capacity 60678K, committed 60824K, reserved 1103872K
  class space    used 7664K, capacity 8125K, committed 8240K, reserved 1048576K
GC Heap History (10 events):
Event: 22.376 GC heap before
{Heap before GC invocations=16 (full 2):
 PSYoungGen      total 138240K, used 138230K [0x00000000d5f00000, 0x00000000e1100000, 0x0000000100000000)
  eden space 126464K, 100% used [0x00000000d5f00000,0x00000000dda80000,0x00000000dda80000)
  from space 11776K, 99% used [0x00000000dda80000,0x00000000de5fd930,0x00000000de600000)
  to   space 12800K, 0% used [0x00000000e0480000,0x00000000e0480000,0x00000000e1100000)
 ParOldGen       total 95744K, used 17252K [0x0000000081c00000, 0x0000000087980000, 0x00000000d5f00000)
  object space 95744K, 18% used [0x0000000081c00000,0x0000000082cd9368,0x0000000087980000)
 Metaspace       used 47845K, capacity 49954K, committed 50224K, reserved 1093632K
  class space    used 6233K, capacity 6611K, committed 6704K, reserved 1048576K
Event: 22.396 GC heap after
Heap after GC invocations=16 (full 2):
 PSYoungGen      total 166912K, used 12792K [0x00000000d5f00000, 0x00000000e1400000, 0x0000000100000000)
  eden space 154112K, 0% used [0x00000000d5f00000,0x00000000d5f00000,0x00000000df580000)
  from space 12800K, 99% used [0x00000000e0480000,0x00000000e10fe060,0x00000000e1100000)
  to   space 15360K, 0% used [0x00000000df580000,0x00000000df580000,0x00000000e0480000)
 ParOldGen       total 95744K, used 19695K [0x0000000081c00000, 0x0000000087980000, 0x00000000d5f00000)
  object space 95744K, 20% used [0x0000000081c00000,0x0000000082f3bea8,0x0000000087980000)
 Metaspace       used 47845K, capacity 49954K, committed 50224K, reserved 1093632K
  class space    used 6233K, capacity 6611K, committed 6704K, reserved 1048576K
}
Event: 24.767 GC heap before
{Heap before GC invocations=17 (full 2):
 PSYoungGen      total 166912K, used 166904K [0x00000000d5f00000, 0x00000000e1400000, 0x0000000100000000)
  eden space 154112K, 100% used [0x00000000d5f00000,0x00000000df580000,0x00000000df580000)
  from space 12800K, 99% used [0x00000000e0480000,0x00000000e10fe060,0x00000000e1100000)
  to   space 15360K, 0% used [0x00000000df580000,0x00000000df580000,0x00000000e0480000)
 ParOldGen       total 95744K, used 19695K [0x0000000081c00000, 0x0000000087980000, 0x00000000d5f00000)
  object space 95744K, 20% used [0x0000000081c00000,0x0000000082f3bea8,0x0000000087980000)
 Metaspace       used 50268K, capacity 52606K, committed 52912K, reserved 1095680K
  class space    used 6593K, capacity 7031K, committed 7088K, reserved 1048576K
Event: 24.799 GC heap after
Heap after GC invocations=17 (full 2):
 PSYoungGen      total 169472K, used 12748K [0x00000000d5f00000, 0x00000000e3880000, 0x0000000100000000)
  eden space 154112K, 0% used [0x00000000d5f00000,0x00000000d5f00000,0x00000000df580000)
  from space 15360K, 82% used [0x00000000df580000,0x00000000e01f30d0,0x00000000e0480000)
  to   space 16384K, 0% used [0x00000000e2880000,0x00000000e2880000,0x00000000e3880000)
 ParOldGen       total 95744K, used 25627K [0x0000000081c00000, 0x0000000087980000, 0x00000000d5f00000)
  object space 95744K, 26% used [0x0000000081c00000,0x0000000083506f18,0x0000000087980000)
 Metaspace       used 50268K, capacity 52606K, committed 52912K, reserved 1095680K
  class space    used 6593K, capacity 7031K, committed 7088K, reserved 1048576K
}
Event: 30.341 GC heap before
{Heap before GC invocations=18 (full 2):
 PSYoungGen      total 169472K, used 166860K [0x00000000d5f00000, 0x00000000e3880000, 0x0000000100000000)
  eden space 154112K, 100% used [0x00000000d5f00000,0x00000000df580000,0x00000000df580000)
  from space 15360K, 82% used [0x00000000df580000,0x00000000e01f30d0,0x00000000e0480000)
  to   space 16384K, 0% used [0x00000000e2880000,0x00000000e2880000,0x00000000e3880000)
 ParOldGen       total 95744K, used 25627K [0x0000000081c00000, 0x0000000087980000, 0x00000000d5f00000)
  object space 95744K, 26% used [0x0000000081c00000,0x0000000083506f18,0x0000000087980000)
 Metaspace       used 52118K, capacity 54658K, committed 54960K, reserved 1097728K
  class space    used 6878K, capacity 7309K, committed 7344K, reserved 1048576K
Event: 30.371 GC heap after
Heap after GC invocations=18 (full 2):
 PSYoungGen      total 203776K, used 16363K [0x00000000d5f00000, 0x00000000e3a00000, 0x0000000100000000)
  eden space 187392K, 0% used [0x00000000d5f00000,0x00000000d5f00000,0x00000000e1600000)
  from space 16384K, 99% used [0x00000000e2880000,0x00000000e387ae38,0x00000000e3880000)
  to   space 18432K, 0% used [0x00000000e1600000,0x00000000e1600000,0x00000000e2800000)
 ParOldGen       total 95744K, used 25939K [0x0000000081c00000, 0x0000000087980000, 0x00000000d5f00000)
  object space 95744K, 27% used [0x0000000081c00000,0x0000000083554e60,0x0000000087980000)
 Metaspace       used 52118K, capacity 54658K, committed 54960K, reserved 1097728K
  class space    used 6878K, capacity 7309K, committed 7344K, reserved 1048576K
}
Event: 34.830 GC heap before
{Heap before GC invocations=19 (full 2):
 PSYoungGen      total 203776K, used 126915K [0x00000000d5f00000, 0x00000000e3a00000, 0x0000000100000000)
  eden space 187392K, 58% used [0x00000000d5f00000,0x00000000dcaf6148,0x00000000e1600000)
  from space 16384K, 99% used [0x00000000e2880000,0x00000000e387ae38,0x00000000e3880000)
  to   space 18432K, 0% used [0x00000000e1600000,0x00000000e1600000,0x00000000e2800000)
 ParOldGen       total 95744K, used 25939K [0x0000000081c00000, 0x0000000087980000, 0x00000000d5f00000)
  object space 95744K, 27% used [0x0000000081c00000,0x0000000083554e60,0x0000000087980000)
 Metaspace       used 56535K, capacity 59060K, committed 59160K, reserved 1101824K
  class space    used 7417K, capacity 7852K, committed 7856K, reserved 1048576K
Event: 34.855 GC heap after
Heap after GC invocations=19 (full 2):
 PSYoungGen      total 205824K, used 13552K [0x00000000d5f00000, 0x00000000e5380000, 0x0000000100000000)
  eden space 187392K, 0% used [0x00000000d5f00000,0x00000000d5f00000,0x00000000e1600000)
  from space 18432K, 73% used [0x00000000e1600000,0x00000000e233c088,0x00000000e2800000)
  to   space 18944K, 0% used [0x00000000e4100000,0x00000000e4100000,0x00000000e5380000)
 ParOldGen       total 95744K, used 32495K [0x0000000081c00000, 0x0000000087980000, 0x00000000d5f00000)
  object space 95744K, 33% used [0x0000000081c00000,0x0000000083bbbf40,0x0000000087980000)
 Metaspace       used 56535K, capacity 59060K, committed 59160K, reserved 1101824K
  class space    used 7417K, capacity 7852K, committed 7856K, reserved 1048576K
}
Event: 34.855 GC heap before
{Heap before GC invocations=20 (full 3):
 PSYoungGen      total 205824K, used 13552K [0x00000000d5f00000, 0x00000000e5380000, 0x0000000100000000)
  eden space 187392K, 0% used [0x00000000d5f00000,0x00000000d5f00000,0x00000000e1600000)
  from space 18432K, 73% used [0x00000000e1600000,0x00000000e233c088,0x00000000e2800000)
  to   space 18944K, 0% used [0x00000000e4100000,0x00000000e4100000,0x00000000e5380000)
 ParOldGen       total 95744K, used 32495K [0x0000000081c00000, 0x0000000087980000, 0x00000000d5f00000)
  object space 95744K, 33% used [0x0000000081c00000,0x0000000083bbbf40,0x0000000087980000)
 Metaspace       used 56535K, capacity 59060K, committed 59160K, reserved 1101824K
  class space    used 7417K, capacity 7852K, committed 7856K, reserved 1048576K
Event: 35.194 GC heap after
Heap after GC invocations=20 (full 3):
 PSYoungGen      total 205824K, used 0K [0x00000000d5f00000, 0x00000000e5380000, 0x0000000100000000)
  eden space 187392K, 0% used [0x00000000d5f00000,0x00000000d5f00000,0x00000000e1600000)
  from space 18432K, 0% used [0x00000000e1600000,0x00000000e1600000,0x00000000e2800000)
  to   space 18944K, 0% used [0x00000000e4100000,0x00000000e4100000,0x00000000e5380000)
 ParOldGen       total 151040K, used 38874K [0x0000000081c00000, 0x000000008af80000, 0x00000000d5f00000)
  object space 151040K, 25% used [0x0000000081c00000,0x00000000841f6a10,0x000000008af80000)
 Metaspace       used 56535K, capacity 59060K, committed 59160K, reserved 1101824K
  class space    used 7417K, capacity 7852K, committed 7856K, reserved 1048576K
}

